<?xml version="1.0" encoding="UTF-8"?>
<coverage generated="1629903395543" clover="3.2.0">
  <project timestamp="1629903395544" name="All files">
    <metrics statements="19" coveredstatements="15" conditionals="4" coveredconditionals="2" methods="8" coveredmethods="6" elements="31" coveredelements="23" complexity="0" loc="19" ncloc="19" packages="2" files="4" classes="4"/>
    <package name="__mock__">
      <metrics statements="3" coveredstatements="3" conditionals="0" coveredconditionals="0" methods="3" coveredmethods="3"/>
      <file name="storage.js" path="C:\Users\Teddy\Desktop\Microverse - The School\todo-review\__mock__\storage.js">
        <metrics statements="3" coveredstatements="3" conditionals="0" coveredconditionals="0" methods="3" coveredmethods="3"/>
        <line num="3" count="2" type="stmt"/>
        <line num="7" count="3" type="stmt"/>
        <line num="11" count="5" type="stmt"/>
      </file>
    </package>
    <package name="src.modules">
      <metrics statements="16" coveredstatements="12" conditionals="4" coveredconditionals="2" methods="5" coveredmethods="3"/>
      <file name="addTask.js" path="C:\Users\Teddy\Desktop\Microverse - The School\todo-review\src\modules\addTask.js">
        <metrics statements="8" coveredstatements="5" conditionals="4" coveredconditionals="2" methods="1" coveredmethods="1"/>
        <line num="5" count="1" type="stmt"/>
        <line num="6" count="3" type="cond" truecount="1" falsecount="1"/>
        <line num="7" count="0" type="stmt"/>
        <line num="8" count="3" type="cond" truecount="1" falsecount="1"/>
        <line num="9" count="3" type="stmt"/>
        <line num="15" count="0" type="stmt"/>
        <line num="16" count="0" type="stmt"/>
        <line num="23" count="3" type="stmt"/>
      </file>
      <file name="deleteTask.js" path="C:\Users\Teddy\Desktop\Microverse - The School\todo-review\src\modules\deleteTask.js">
        <metrics statements="5" coveredstatements="5" conditionals="0" coveredconditionals="0" methods="2" coveredmethods="2"/>
        <line num="6" count="1" type="stmt"/>
        <line num="9" count="9" type="stmt"/>
        <line num="10" count="4" type="stmt"/>
        <line num="11" count="5" type="stmt"/>
        <line num="13" count="4" type="stmt"/>
      </file>
      <file name="saveStorage.js" path="C:\Users\Teddy\Desktop\Microverse - The School\todo-review\src\modules\saveStorage.js">
        <metrics statements="3" coveredstatements="2" conditionals="0" coveredconditionals="0" methods="2" coveredmethods="0"/>
        <line num="3" count="1" type="stmt"/>
        <line num="4" count="0" type="stmt"/>
        <line num="7" count="1" type="stmt"/>
      </file>
    </package>
  </project>
</coverage>
