{"C:\\Users\\Teddy\\Desktop\\Microverse - The School\\todo-review\\__mock__\\storage.js": {"path":"C:\\Users\\Teddy\\Desktop\\Microverse - The School\\todo-review\\__mock__\\storage.js","statementMap":{"0":{"start":{"line":3,"column":4},"end":{"line":3,"column":20}},"1":{"start":{"line":7,"column":4},"end":{"line":7,"column":27}},"2":{"start":{"line":11,"column":4},"end":{"line":11,"column":28}}},"fnMap":{"0":{"name":"(anonymous_0)","decl":{"start":{"line":2,"column":2},"end":{"line":2,"column":3}},"loc":{"start":{"line":2,"column":16},"end":{"line":4,"column":3}},"line":2},"1":{"name":"(anonymous_1)","decl":{"start":{"line":6,"column":2},"end":{"line":6,"column":3}},"loc":{"start":{"line":6,"column":15},"end":{"line":8,"column":3}},"line":6},"2":{"name":"(anonymous_2)","decl":{"start":{"line":10,"column":2},"end":{"line":10,"column":3}},"loc":{"start":{"line":10,"column":22},"end":{"line":12,"column":3}},"line":10}},"branchMap":{},"s":{"0":2,"1":3,"2":5},"f":{"0":2,"1":3,"2":5},"b":{},"_coverageSchema":"1a1c01bbd47fc00a2c39e90264f33305004495a9","hash":"bc7680a4e2065941a170de0a844820cdfae82f81"}
,"C:\\Users\\Teddy\\Desktop\\Microverse - The School\\todo-review\\src\\modules\\addTask.js": {"path":"C:\\Users\\Teddy\\Desktop\\Microverse - The School\\todo-review\\src\\modules\\addTask.js","statementMap":{"0":{"start":{"line":5,"column":16},"end":{"line":24,"column":1}},"1":{"start":{"line":6,"column":2},"end":{"line":21,"column":3}},"2":{"start":{"line":7,"column":4},"end":{"line":7,"column":22}},"3":{"start":{"line":8,"column":9},"end":{"line":21,"column":3}},"4":{"start":{"line":9,"column":4},"end":{"line":13,"column":7}},"5":{"start":{"line":15,"column":4},"end":{"line":15,"column":21}},"6":{"start":{"line":16,"column":4},"end":{"line":20,"column":7}},"7":{"start":{"line":23,"column":2},"end":{"line":23,"column":21}}},"fnMap":{"0":{"name":"(anonymous_0)","decl":{"start":{"line":5,"column":16},"end":{"line":5,"column":17}},"loc":{"start":{"line":5,"column":44},"end":{"line":24,"column":1}},"line":5}},"branchMap":{"0":{"loc":{"start":{"line":6,"column":2},"end":{"line":21,"column":3}},"type":"if","locations":[{"start":{"line":6,"column":2},"end":{"line":21,"column":3}},{"start":{"line":6,"column":2},"end":{"line":21,"column":3}}],"line":6},"1":{"loc":{"start":{"line":8,"column":9},"end":{"line":21,"column":3}},"type":"if","locations":[{"start":{"line":8,"column":9},"end":{"line":21,"column":3}},{"start":{"line":8,"column":9},"end":{"line":21,"column":3}}],"line":8}},"s":{"0":1,"1":3,"2":0,"3":3,"4":3,"5":0,"6":0,"7":3},"f":{"0":3},"b":{"0":[0,3],"1":[3,0]},"_coverageSchema":"1a1c01bbd47fc00a2c39e90264f33305004495a9","hash":"6d67822e382f2944f5cf3e7cabf345925972fcc7"}
,"C:\\Users\\Teddy\\Desktop\\Microverse - The School\\todo-review\\src\\modules\\deleteTask.js": {"path":"C:\\Users\\Teddy\\Desktop\\Microverse - The School\\todo-review\\src\\modules\\deleteTask.js","statementMap":{"0":{"start":{"line":6,"column":19},"end":{"line":14,"column":1}},"1":{"start":{"line":9,"column":18},"end":{"line":9,"column":69}},"2":{"start":{"line":9,"column":38},"end":{"line":9,"column":68}},"3":{"start":{"line":10,"column":2},"end":{"line":12,"column":3}},"4":{"start":{"line":10,"column":15},"end":{"line":10,"column":16}},"5":{"start":{"line":11,"column":4},"end":{"line":11,"column":55}},"6":{"start":{"line":13,"column":2},"end":{"line":13,"column":17}}},"fnMap":{"0":{"name":"(anonymous_0)","decl":{"start":{"line":6,"column":19},"end":{"line":6,"column":20}},"loc":{"start":{"line":6,"column":41},"end":{"line":14,"column":1}},"line":6},"1":{"name":"(anonymous_1)","decl":{"start":{"line":9,"column":31},"end":{"line":9,"column":32}},"loc":{"start":{"line":9,"column":38},"end":{"line":9,"column":68}},"line":9}},"branchMap":{},"s":{"0":1,"1":4,"2":9,"3":4,"4":4,"5":5,"6":4},"f":{"0":4,"1":9},"b":{},"_coverageSchema":"1a1c01bbd47fc00a2c39e90264f33305004495a9","hash":"2b19b7ceedbb8ab49ba46c5125809ed9f90c3f38"}
,"C:\\Users\\Teddy\\Desktop\\Microverse - The School\\todo-review\\src\\modules\\saveStorage.js": {"path":"C:\\Users\\Teddy\\Desktop\\Microverse - The School\\todo-review\\src\\modules\\saveStorage.js","statementMap":{"0":{"start":{"line":3,"column":27},"end":{"line":5,"column":1}},"1":{"start":{"line":4,"column":2},"end":{"line":4,"column":59}},"2":{"start":{"line":7,"column":27},"end":{"line":7,"column":75}},"3":{"start":{"line":7,"column":37},"end":{"line":7,"column":75}}},"fnMap":{"0":{"name":"(anonymous_0)","decl":{"start":{"line":3,"column":27},"end":{"line":3,"column":28}},"loc":{"start":{"line":3,"column":38},"end":{"line":5,"column":1}},"line":3},"1":{"name":"(anonymous_1)","decl":{"start":{"line":7,"column":27},"end":{"line":7,"column":28}},"loc":{"start":{"line":7,"column":37},"end":{"line":7,"column":75}},"line":7}},"branchMap":{},"s":{"0":1,"1":0,"2":1,"3":0},"f":{"0":0,"1":0},"b":{},"_coverageSchema":"1a1c01bbd47fc00a2c39e90264f33305004495a9","hash":"57aa78e13c1742578dff2eb39cb4c91849e400b2"}
}
