TN:
SF:__mock__\storage.js
FN:2,(anonymous_0)
FN:6,(anonymous_1)
FN:10,(anonymous_2)
FNF:3
FNH:3
FNDA:2,(anonymous_0)
FNDA:3,(anonymous_1)
FNDA:5,(anonymous_2)
DA:3,2
DA:7,3
DA:11,5
LF:3
LH:3
BRF:0
BRH:0
end_of_record
TN:
SF:src\modules\addTask.js
FN:5,(anonymous_0)
FNF:1
FNH:1
FNDA:3,(anonymous_0)
DA:5,1
DA:6,3
DA:7,0
DA:8,3
DA:9,3
DA:15,0
DA:16,0
DA:23,3
LF:8
LH:5
BRDA:6,0,0,0
BRDA:6,0,1,3
BRDA:8,1,0,3
BRDA:8,1,1,0
BRF:4
BRH:2
end_of_record
TN:
SF:src\modules\deleteTask.js
FN:6,(anonymous_0)
FN:9,(anonymous_1)
FNF:2
FNH:2
FNDA:4,(anonymous_0)
FNDA:9,(anonymous_1)
DA:6,1
DA:9,9
DA:10,4
DA:11,5
DA:13,4
LF:5
LH:5
BRF:0
BRH:0
end_of_record
TN:
SF:src\modules\saveStorage.js
FN:3,(anonymous_0)
FN:7,(anonymous_1)
FNF:2
FNH:0
FNDA:0,(anonymous_0)
FNDA:0,(anonymous_1)
DA:3,1
DA:4,0
DA:7,1
LF:3
LH:2
BRF:0
BRH:0
end_of_record
